Arguments: 
  C:\Program Files\nodejs\node.exe C:\Users\mumo\AppData\Roaming\npm\node_modules\yarn\bin\yarn.js

PATH: 
  C:\WINDOWS\system32;C:\WINDOWS;C:\WINDOWS\System32\Wbem;C:\WINDOWS\System32\WindowsPowerShell\v1.0\;C:\WINDOWS\System32\OpenSSH\;C:\xampp\php;C:\ProgramData\ComposerSetup\bin;C:\Program Files\Git\cmd;C:\Program Files\nodejs\;C:\ProgramData\chocolatey\bin;C:\Users\mumo\AppData\Local\Microsoft\WindowsApps;;C:\Users\mumo\AppData\Local\Programs\Microsoft VS Code\bin;C:\Users\mumo\AppData\Roaming\Composer\vendor\bin;C:\Users\mumo\AppData\Roaming\npm

Yarn version: 
  1.22.19

Node version: 
  16.16.0

Platform: 
  win32 x64

Trace: 
  Error: EPERM: operation not permitted, unlink 'C:\xampp\htdocs\myapp-12-12\node_modules\esbuild-windows-64\esbuild.exe'

npm manifest: 
  {
      "private": true,
      "scripts": {
          "dev": "vite",
          "build": "vite build"
      },
      "devDependencies": {
          "@inertiajs/inertia": "^0.11.0",
          "@inertiajs/inertia-vue3": "^0.6.0",
          "@inertiajs/progress": "^0.2.7",
          "@tailwindcss/forms": "^0.5.3",
          "@vitejs/plugin-vue": "^3.0.0",
          "autoprefixer": "^10.4.12",
          "axios": "^1.1.2",
          "laravel-vite-plugin": "^0.7.0",
          "lodash": "^4.17.19",
          "postcss": "^8.4.18",
          "tailwindcss": "^3.2.1",
          "vite": "^3.0.0",
          "vue": "^3.2.41"
      }
  }

yarn manifest: 
  No manifest

Lockfile: 
  No lockfile
